This file contains any messages produced by compilers while
running configure, to aid debugging if configure makes a mistake.

It was created by configure, which was
generated by GNU Autoconf 2.68.  Invocation command line was

  $ ./configure --disable-option-checking --prefix=/usr --mandir=${prefix}/share/man --enable-ipv6 --libexec=${prefix}/lib --with-liblua CFLAGS=-O2 -Wall -D_GNU_SOURCE CXXFLAGS=-O2 -Wall -D_GNU_SOURCE --cache-file=/dev/null --srcdir=.

## --------- ##
## Platform. ##
## --------- ##

hostname = kali
uname -m = x86_64
uname -r = 3.6-trunk-amd64
uname -s = Linux
uname -v = #1 SMP Debian 3.6.9-1~experimental.1

/usr/bin/uname -p = unknown
/bin/uname -X     = unknown

/bin/arch              = unknown
/usr/bin/arch -k       = unknown
/usr/convex/getsysinfo = unknown
/usr/bin/hostinfo      = unknown
/bin/machine           = unknown
/usr/bin/oslevel       = unknown
/bin/universe          = unknown

PATH: /usr/sbin
PATH: /usr/bin
PATH: /sbin
PATH: /bin
PATH: /usr/bin/X11


## ----------- ##
## Core tests. ##
## ----------- ##

configure:2068: checking for gcc
configure:2084: found /usr/bin/gcc
configure:2095: result: gcc
configure:2324: checking for C compiler version
configure:2333: gcc --version >&5
gcc (Debian 4.7.2-4) 4.7.2
Copyright (C) 2012 Free Software Foundation, Inc.
This is free software; see the source for copying conditions.  There is NO
warranty; not even for MERCHANTABILITY or FITNESS FOR A PARTICULAR PURPOSE.

configure:2344: $? = 0
configure:2333: gcc -v >&5
Using built-in specs.
COLLECT_GCC=gcc
COLLECT_LTO_WRAPPER=/usr/lib/gcc/x86_64-linux-gnu/4.7/lto-wrapper
Target: x86_64-linux-gnu
Configured with: ../src/configure -v --with-pkgversion='Debian 4.7.2-4' --with-bugurl=file:///usr/share/doc/gcc-4.7/README.Bugs --enable-languages=c,c++,go,fortran,objc,obj-c++ --prefix=/usr --program-suffix=-4.7 --enable-shared --enable-linker-build-id --with-system-zlib --libexecdir=/usr/lib --without-included-gettext --enable-threads=posix --with-gxx-include-dir=/usr/include/c++/4.7 --libdir=/usr/lib --enable-nls --with-sysroot=/ --enable-clocale=gnu --enable-libstdcxx-debug --enable-libstdcxx-time=yes --enable-gnu-unique-object --enable-plugin --enable-objc-gc --with-arch-32=i586 --with-tune=generic --enable-checking=release --build=x86_64-linux-gnu --host=x86_64-linux-gnu --target=x86_64-linux-gnu
Thread model: posix
gcc version 4.7.2 (Debian 4.7.2-4) 
configure:2344: $? = 0
configure:2333: gcc -V >&5
gcc: error: unrecognized command line option '-V'
gcc: fatal error: no input files
compilation terminated.
configure:2344: $? = 4
configure:2333: gcc -qversion >&5
gcc: error: unrecognized command line option '-qversion'
gcc: fatal error: no input files
compilation terminated.
configure:2344: $? = 4
configure:2364: checking whether the C compiler works
configure:2386: gcc -O2 -Wall -D_GNU_SOURCE   conftest.c  >&5
configure:2390: $? = 0
configure:2438: result: yes
configure:2441: checking for C compiler default output file name
configure:2443: result: a.out
configure:2449: checking for suffix of executables
configure:2456: gcc -o conftest -O2 -Wall -D_GNU_SOURCE   conftest.c  >&5
configure:2460: $? = 0
configure:2482: result: 
configure:2504: checking whether we are cross compiling
configure:2512: gcc -o conftest -O2 -Wall -D_GNU_SOURCE   conftest.c  >&5
configure:2516: $? = 0
configure:2523: ./conftest
configure:2527: $? = 0
configure:2542: result: no
configure:2547: checking for suffix of object files
configure:2569: gcc -c -O2 -Wall -D_GNU_SOURCE  conftest.c >&5
configure:2573: $? = 0
configure:2594: result: o
configure:2598: checking whether we are using the GNU C compiler
configure:2617: gcc -c -O2 -Wall -D_GNU_SOURCE  conftest.c >&5
configure:2617: $? = 0
configure:2626: result: yes
configure:2635: checking whether gcc accepts -g
configure:2655: gcc -c -g  conftest.c >&5
configure:2655: $? = 0
configure:2696: result: yes
configure:2713: checking for gcc option to accept ISO C89
configure:2777: gcc  -c -O2 -Wall -D_GNU_SOURCE  conftest.c >&5
configure:2777: $? = 0
configure:2790: result: none needed
configure:2853: checking for a BSD-compatible install
configure:2921: result: /usr/bin/install -c
configure:2978: checking for strip
configure:2996: found /usr/bin/strip
configure:3008: result: /usr/bin/strip
configure:3063: checking for APR
configure:3142: result: yes
configure:3172: checking for svn_client_create_context in -lsvn_client-1
configure:3197: gcc -o conftest -O2 -Wall -D_GNU_SOURCE -Wall -Wno-deprecated-declarations   -DLINUX=2 -D_REENTRANT -D_GNU_SOURCE -I/usr/include/apr-1.0   conftest.c -lsvn_client-1    -L/usr/lib -lapr-1 >&5
configure:3197: $? = 0
configure:3206: result: yes
configure:3217: checking for svn_handle_error2 in -lsvn_subr-1
configure:3242: gcc -o conftest -O2 -Wall -D_GNU_SOURCE -Wall -Wno-deprecated-declarations   -DLINUX=2 -D_REENTRANT -D_GNU_SOURCE -I/usr/include/apr-1.0   conftest.c -lsvn_subr-1  -lsvn_client-1   -L/usr/lib -lapr-1 >&5
configure:3242: $? = 0
configure:3251: result: yes
configure:3262: checking for apr_pool_destroy in -lapr-1
configure:3287: gcc -o conftest -O2 -Wall -D_GNU_SOURCE -Wall -Wno-deprecated-declarations   -DLINUX=2 -D_REENTRANT -D_GNU_SOURCE -I/usr/include/apr-1.0   conftest.c -lapr-1  -lsvn_subr-1 -lsvn_client-1   -L/usr/lib -lapr-1 >&5
configure:3287: $? = 0
configure:3296: result: yes
configure:3314: checking how to run the C preprocessor
configure:3345: gcc -E   -DLINUX=2 -D_REENTRANT -D_GNU_SOURCE -I/usr/include/apr-1.0  conftest.c
configure:3345: $? = 0
configure:3359: gcc -E   -DLINUX=2 -D_REENTRANT -D_GNU_SOURCE -I/usr/include/apr-1.0  conftest.c
conftest.c:12:28: fatal error: ac_nonexistent.h: No such file or directory
compilation terminated.
configure:3359: $? = 1
configure: failed program was:
| /* confdefs.h */
| #define PACKAGE_NAME ""
| #define PACKAGE_TARNAME ""
| #define PACKAGE_VERSION ""
| #define PACKAGE_STRING ""
| #define PACKAGE_BUGREPORT ""
| #define PACKAGE_URL ""
| #define HAVE_LIBSVN_CLIENT_1 1
| #define HAVE_LIBSVN_SUBR_1 1
| #define HAVE_LIBAPR_1 1
| /* end confdefs.h.  */
| #include <ac_nonexistent.h>
configure:3384: result: gcc -E
configure:3404: gcc -E   -DLINUX=2 -D_REENTRANT -D_GNU_SOURCE -I/usr/include/apr-1.0  conftest.c
configure:3404: $? = 0
configure:3418: gcc -E   -DLINUX=2 -D_REENTRANT -D_GNU_SOURCE -I/usr/include/apr-1.0  conftest.c
conftest.c:12:28: fatal error: ac_nonexistent.h: No such file or directory
compilation terminated.
configure:3418: $? = 1
configure: failed program was:
| /* confdefs.h */
| #define PACKAGE_NAME ""
| #define PACKAGE_TARNAME ""
| #define PACKAGE_VERSION ""
| #define PACKAGE_STRING ""
| #define PACKAGE_BUGREPORT ""
| #define PACKAGE_URL ""
| #define HAVE_LIBSVN_CLIENT_1 1
| #define HAVE_LIBSVN_SUBR_1 1
| #define HAVE_LIBAPR_1 1
| /* end confdefs.h.  */
| #include <ac_nonexistent.h>
configure:3447: checking for grep that handles long lines and -e
configure:3505: result: /bin/grep
configure:3510: checking for egrep
configure:3572: result: /bin/grep -E
configure:3577: checking for ANSI C header files
configure:3597: gcc -c -O2 -Wall -D_GNU_SOURCE -Wall -Wno-deprecated-declarations   -DLINUX=2 -D_REENTRANT -D_GNU_SOURCE -I/usr/include/apr-1.0  conftest.c >&5
configure:3597: $? = 0
configure:3670: gcc -o conftest -O2 -Wall -D_GNU_SOURCE -Wall -Wno-deprecated-declarations   -DLINUX=2 -D_REENTRANT -D_GNU_SOURCE -I/usr/include/apr-1.0   conftest.c -lapr-1 -lsvn_subr-1 -lsvn_client-1   -L/usr/lib -lapr-1 >&5
configure:3670: $? = 0
configure:3670: ./conftest
configure:3670: $? = 0
configure:3681: result: yes
configure:3694: checking for sys/types.h
configure:3694: gcc -c -O2 -Wall -D_GNU_SOURCE -Wall -Wno-deprecated-declarations   -DLINUX=2 -D_REENTRANT -D_GNU_SOURCE -I/usr/include/apr-1.0  conftest.c >&5
configure:3694: $? = 0
configure:3694: result: yes
configure:3694: checking for sys/stat.h
configure:3694: gcc -c -O2 -Wall -D_GNU_SOURCE -Wall -Wno-deprecated-declarations   -DLINUX=2 -D_REENTRANT -D_GNU_SOURCE -I/usr/include/apr-1.0  conftest.c >&5
configure:3694: $? = 0
configure:3694: result: yes
configure:3694: checking for stdlib.h
configure:3694: gcc -c -O2 -Wall -D_GNU_SOURCE -Wall -Wno-deprecated-declarations   -DLINUX=2 -D_REENTRANT -D_GNU_SOURCE -I/usr/include/apr-1.0  conftest.c >&5
configure:3694: $? = 0
configure:3694: result: yes
configure:3694: checking for string.h
configure:3694: gcc -c -O2 -Wall -D_GNU_SOURCE -Wall -Wno-deprecated-declarations   -DLINUX=2 -D_REENTRANT -D_GNU_SOURCE -I/usr/include/apr-1.0  conftest.c >&5
configure:3694: $? = 0
configure:3694: result: yes
configure:3694: checking for memory.h
configure:3694: gcc -c -O2 -Wall -D_GNU_SOURCE -Wall -Wno-deprecated-declarations   -DLINUX=2 -D_REENTRANT -D_GNU_SOURCE -I/usr/include/apr-1.0  conftest.c >&5
configure:3694: $? = 0
configure:3694: result: yes
configure:3694: checking for strings.h
configure:3694: gcc -c -O2 -Wall -D_GNU_SOURCE -Wall -Wno-deprecated-declarations   -DLINUX=2 -D_REENTRANT -D_GNU_SOURCE -I/usr/include/apr-1.0  conftest.c >&5
configure:3694: $? = 0
configure:3694: result: yes
configure:3694: checking for inttypes.h
configure:3694: gcc -c -O2 -Wall -D_GNU_SOURCE -Wall -Wno-deprecated-declarations   -DLINUX=2 -D_REENTRANT -D_GNU_SOURCE -I/usr/include/apr-1.0  conftest.c >&5
configure:3694: $? = 0
configure:3694: result: yes
configure:3694: checking for stdint.h
configure:3694: gcc -c -O2 -Wall -D_GNU_SOURCE -Wall -Wno-deprecated-declarations   -DLINUX=2 -D_REENTRANT -D_GNU_SOURCE -I/usr/include/apr-1.0  conftest.c >&5
configure:3694: $? = 0
configure:3694: result: yes
configure:3694: checking for unistd.h
configure:3694: gcc -c -O2 -Wall -D_GNU_SOURCE -Wall -Wno-deprecated-declarations   -DLINUX=2 -D_REENTRANT -D_GNU_SOURCE -I/usr/include/apr-1.0  conftest.c >&5
configure:3694: $? = 0
configure:3694: result: yes
configure:3709: checking svn_client.h usability
configure:3709: gcc -c -O2 -Wall -D_GNU_SOURCE -Wall -Wno-deprecated-declarations   -DLINUX=2 -D_REENTRANT -D_GNU_SOURCE -I/usr/include/apr-1.0  conftest.c >&5
conftest.c:55:24: fatal error: svn_client.h: No such file or directory
compilation terminated.
configure:3709: $? = 1
configure: failed program was:
| /* confdefs.h */
| #define PACKAGE_NAME ""
| #define PACKAGE_TARNAME ""
| #define PACKAGE_VERSION ""
| #define PACKAGE_STRING ""
| #define PACKAGE_BUGREPORT ""
| #define PACKAGE_URL ""
| #define HAVE_LIBSVN_CLIENT_1 1
| #define HAVE_LIBSVN_SUBR_1 1
| #define HAVE_LIBAPR_1 1
| #define STDC_HEADERS 1
| #define HAVE_SYS_TYPES_H 1
| #define HAVE_SYS_STAT_H 1
| #define HAVE_STDLIB_H 1
| #define HAVE_STRING_H 1
| #define HAVE_MEMORY_H 1
| #define HAVE_STRINGS_H 1
| #define HAVE_INTTYPES_H 1
| #define HAVE_STDINT_H 1
| #define HAVE_UNISTD_H 1
| /* end confdefs.h.  */
| #include <stdio.h>
| #ifdef HAVE_SYS_TYPES_H
| # include <sys/types.h>
| #endif
| #ifdef HAVE_SYS_STAT_H
| # include <sys/stat.h>
| #endif
| #ifdef STDC_HEADERS
| # include <stdlib.h>
| # include <stddef.h>
| #else
| # ifdef HAVE_STDLIB_H
| #  include <stdlib.h>
| # endif
| #endif
| #ifdef HAVE_STRING_H
| # if !defined STDC_HEADERS && defined HAVE_MEMORY_H
| #  include <memory.h>
| # endif
| # include <string.h>
| #endif
| #ifdef HAVE_STRINGS_H
| # include <strings.h>
| #endif
| #ifdef HAVE_INTTYPES_H
| # include <inttypes.h>
| #endif
| #ifdef HAVE_STDINT_H
| # include <stdint.h>
| #endif
| #ifdef HAVE_UNISTD_H
| # include <unistd.h>
| #endif
| #include <svn_client.h>
configure:3709: result: no
configure:3709: checking svn_client.h presence
configure:3709: gcc -E   -DLINUX=2 -D_REENTRANT -D_GNU_SOURCE -I/usr/include/apr-1.0  conftest.c
conftest.c:22:24: fatal error: svn_client.h: No such file or directory
compilation terminated.
configure:3709: $? = 1
configure: failed program was:
| /* confdefs.h */
| #define PACKAGE_NAME ""
| #define PACKAGE_TARNAME ""
| #define PACKAGE_VERSION ""
| #define PACKAGE_STRING ""
| #define PACKAGE_BUGREPORT ""
| #define PACKAGE_URL ""
| #define HAVE_LIBSVN_CLIENT_1 1
| #define HAVE_LIBSVN_SUBR_1 1
| #define HAVE_LIBAPR_1 1
| #define STDC_HEADERS 1
| #define HAVE_SYS_TYPES_H 1
| #define HAVE_SYS_STAT_H 1
| #define HAVE_STDLIB_H 1
| #define HAVE_STRING_H 1
| #define HAVE_MEMORY_H 1
| #define HAVE_STRINGS_H 1
| #define HAVE_INTTYPES_H 1
| #define HAVE_STDINT_H 1
| #define HAVE_UNISTD_H 1
| /* end confdefs.h.  */
| #include <svn_client.h>
configure:3709: result: no
configure:3709: checking for svn_client.h
configure:3709: result: no
configure:3709: checking subversion-1/svn_client.h usability
configure:3709: gcc -c -O2 -Wall -D_GNU_SOURCE -Wall -Wno-deprecated-declarations   -DLINUX=2 -D_REENTRANT -D_GNU_SOURCE -I/usr/include/apr-1.0  conftest.c >&5
configure:3709: $? = 0
configure:3709: result: yes
configure:3709: checking subversion-1/svn_client.h presence
configure:3709: gcc -E   -DLINUX=2 -D_REENTRANT -D_GNU_SOURCE -I/usr/include/apr-1.0  conftest.c
configure:3709: $? = 0
configure:3709: result: yes
configure:3709: checking for subversion-1/svn_client.h
configure:3709: result: yes
configure:3842: creating ./config.status

## ---------------------- ##
## Running config.status. ##
## ---------------------- ##

This file was extended by config.status, which was
generated by GNU Autoconf 2.68.  Invocation command line was

  CONFIG_FILES    = 
  CONFIG_HEADERS  = 
  CONFIG_LINKS    = 
  CONFIG_COMMANDS = 
  $ ./config.status 

on kali

config.status:818: creating Makefile
config.status:921: WARNING:  'Makefile.in' seems to ignore the --datarootdir setting
config.status:818: creating config.h

## ---------------- ##
## Cache variables. ##
## ---------------- ##

ac_cv_c_compiler_gnu=yes
ac_cv_env_CC_set=
ac_cv_env_CC_value=
ac_cv_env_CFLAGS_set=set
ac_cv_env_CFLAGS_value='-O2 -Wall -D_GNU_SOURCE'
ac_cv_env_CPPFLAGS_set=
ac_cv_env_CPPFLAGS_value=
ac_cv_env_CPP_set=
ac_cv_env_CPP_value=
ac_cv_env_LDFLAGS_set=
ac_cv_env_LDFLAGS_value=
ac_cv_env_LIBS_set=
ac_cv_env_LIBS_value=
ac_cv_env_build_alias_set=
ac_cv_env_build_alias_value=
ac_cv_env_host_alias_set=
ac_cv_env_host_alias_value=
ac_cv_env_target_alias_set=
ac_cv_env_target_alias_value=
ac_cv_header_inttypes_h=yes
ac_cv_header_memory_h=yes
ac_cv_header_stdc=yes
ac_cv_header_stdint_h=yes
ac_cv_header_stdlib_h=yes
ac_cv_header_string_h=yes
ac_cv_header_strings_h=yes
ac_cv_header_subversion_1_svn_client_h=yes
ac_cv_header_svn_client_h=no
ac_cv_header_sys_stat_h=yes
ac_cv_header_sys_types_h=yes
ac_cv_header_unistd_h=yes
ac_cv_lib_apr_1_apr_pool_destroy=yes
ac_cv_lib_svn_client_1_svn_client_create_context=yes
ac_cv_lib_svn_subr_1_svn_handle_error2=yes
ac_cv_objext=o
ac_cv_path_EGREP='/bin/grep -E'
ac_cv_path_GREP=/bin/grep
ac_cv_path_ac_pt_STRIP=/usr/bin/strip
ac_cv_path_install='/usr/bin/install -c'
ac_cv_prog_CPP='gcc -E'
ac_cv_prog_ac_ct_CC=gcc
ac_cv_prog_cc_c89=
ac_cv_prog_cc_g=yes

## ----------------- ##
## Output variables. ##
## ----------------- ##

CC='gcc'
CFLAGS='-O2 -Wall -D_GNU_SOURCE -Wall -Wno-deprecated-declarations'
CPP='gcc -E'
CPPFLAGS='  -DLINUX=2 -D_REENTRANT -D_GNU_SOURCE -I/usr/include/apr-1.0 '
DEFS='-DHAVE_CONFIG_H'
ECHO_C=''
ECHO_N='-n'
ECHO_T=''
EGREP='/bin/grep -E'
EXEEXT=''
GREP='/bin/grep'
INSTALL_DATA='${INSTALL} -m 644'
INSTALL_PROGRAM='${INSTALL}'
INSTALL_SCRIPT='${INSTALL}'
LDFLAGS=''
LIBOBJS=''
LIBS='-lapr-1 -lsvn_subr-1 -lsvn_client-1   -L/usr/lib -lapr-1'
LTLIBOBJS=''
OBJEXT='o'
PACKAGE_BUGREPORT=''
PACKAGE_NAME=''
PACKAGE_STRING=''
PACKAGE_TARNAME=''
PACKAGE_URL=''
PACKAGE_VERSION=''
PATH_SEPARATOR=':'
SHELL='/bin/bash'
STRIP='/usr/bin/strip'
ac_ct_CC='gcc'
bindir='${exec_prefix}/bin'
build_alias=''
datadir='${datarootdir}'
datarootdir='${prefix}/share'
docdir='${datarootdir}/doc/${PACKAGE}'
dvidir='${docdir}'
exec_prefix='${prefix}'
host_alias=''
htmldir='${docdir}'
includedir='${prefix}/include'
infodir='${datarootdir}/info'
libdir='${exec_prefix}/lib'
libexecdir='${prefix}/lib'
localedir='${datarootdir}/locale'
localstatedir='${prefix}/var'
mandir='${prefix}/share/man'
oldincludedir='/usr/include'
pdfdir='${docdir}'
prefix='/usr'
program_transform_name='s,x,x,'
psdir='${docdir}'
sbindir='${exec_prefix}/sbin'
sharedstatedir='${prefix}/com'
sysconfdir='${prefix}/etc'
target_alias=''

## ----------- ##
## confdefs.h. ##
## ----------- ##

/* confdefs.h */
#define PACKAGE_NAME ""
#define PACKAGE_TARNAME ""
#define PACKAGE_VERSION ""
#define PACKAGE_STRING ""
#define PACKAGE_BUGREPORT ""
#define PACKAGE_URL ""
#define HAVE_LIBSVN_CLIENT_1 1
#define HAVE_LIBSVN_SUBR_1 1
#define HAVE_LIBAPR_1 1
#define STDC_HEADERS 1
#define HAVE_SYS_TYPES_H 1
#define HAVE_SYS_STAT_H 1
#define HAVE_STDLIB_H 1
#define HAVE_STRING_H 1
#define HAVE_MEMORY_H 1
#define HAVE_STRINGS_H 1
#define HAVE_INTTYPES_H 1
#define HAVE_STDINT_H 1
#define HAVE_UNISTD_H 1
#define HAVE_SUBVERSION_1_SVN_CLIENT_H 1

configure: exit 0
